c:\libraryprojects\socketlibrary\socketlibrary\x64\debug\socketlibrary.pch
c:\libraryprojects\socketlibrary\socketlibrary\x64\debug\vc143.pdb
c:\libraryprojects\socketlibrary\socketlibrary\x64\debug\vc143.idb
c:\libraryprojects\socketlibrary\socketlibrary\x64\debug\pch.obj
c:\libraryprojects\socketlibrary\socketlibrary\x64\debug\socket.obj
c:\libraryprojects\socketlibrary\socketlibrary\x64\debug\netsockets.obj
c:\libraryprojects\socketlibrary\socketlibrary\x64\debug\dllmain.obj
c:\libraryprojects\socketlibrary\socketlibrary\x64\debug\address.obj
c:\libraryprojects\socketlibrary\x64\debug\socketlibrary.dll
c:\libraryprojects\socketlibrary\x64\debug\socketlibrary.pdb
c:\libraryprojects\socketlibrary\x64\debug\socketlibrary.lib
c:\libraryprojects\socketlibrary\x64\debug\socketlibrary.exp
c:\libraryprojects\socketlibrary\socketlibrary\x64\debug\socketlibrary.ilk
c:\libraryprojects\socketlibrary\socketlibrary\x64\debug\socketlibrary.tlog\cl.command.1.tlog
c:\libraryprojects\socketlibrary\socketlibrary\x64\debug\socketlibrary.tlog\cl.items.tlog
c:\libraryprojects\socketlibrary\socketlibrary\x64\debug\socketlibrary.tlog\cl.read.1.tlog
c:\libraryprojects\socketlibrary\socketlibrary\x64\debug\socketlibrary.tlog\cl.write.1.tlog
c:\libraryprojects\socketlibrary\socketlibrary\x64\debug\socketlibrary.tlog\link.command.1.tlog
c:\libraryprojects\socketlibrary\socketlibrary\x64\debug\socketlibrary.tlog\link.read.1.tlog
c:\libraryprojects\socketlibrary\socketlibrary\x64\debug\socketlibrary.tlog\link.secondary.1.tlog
c:\libraryprojects\socketlibrary\socketlibrary\x64\debug\socketlibrary.tlog\link.write.1.tlog
